[ 2018-05-08T16:38:51+08:00 ] 127.0.0.1 /index/buysuccess?id=3&model=CN
INFO: [ app_init ] --START--
INFO: Run Behavior\BuildLiteBehavior [ RunTime:0.000000s ]
INFO: [ app_init ] --END-- [ RunTime:0.000000s ]
INFO: [ app_begin ] --START--
INFO: Run Behavior\ReadHtmlCacheBehavior [ RunTime:0.000000s ]
INFO: [ app_begin ] --END-- [ RunTime:0.000000s ]
SQL: SHOW COLUMNS FROM `pt_orders` [ RunTime:0.0020s ]
SQL: SELECT o.order_id,o.good_id,o.size_id,o.good_count,g.goods_title,g.goods_istuan,g.goods_country,o.statue,o.create_at FROM pt_orders as o left join pt_goods as g on o.good_id=g.id  WHERE ( o.id=3 ) LIMIT 1   [ RunTime:0.0010s ]
SQL: SELECT s.color,s.size,s.weight FROM pt_orders as o left join pt_goods_size as s on o.good_id=s.good_id  WHERE ( o.id=3 ) LIMIT 1   [ RunTime:0.0000s ]
SQL: SHOW COLUMNS FROM `pt_goods` [ RunTime:0.0860s ]
SQL: SELECT `id` FROM `pt_goods` WHERE ( goods_stats=1 and is_tj=1 ) ORDER BY tj_sort DESC  [ RunTime:0.0000s ]
SQL: SHOW COLUMNS FROM `pt_goods_image` [ RunTime:0.0020s ]
SQL: SELECT `image` FROM `pt_goods_image` WHERE ( stype=1 and good_id=1 ) ORDER BY id asc LIMIT 1   [ RunTime:0.0010s ]
SQL: SELECT `image` FROM `pt_goods_image` WHERE ( stype=1 and good_id=2 ) ORDER BY id asc LIMIT 1   [ RunTime:0.0000s ]
SQL: SELECT `image` FROM `pt_goods_image` WHERE ( stype=1 and good_id=3 ) ORDER BY id asc LIMIT 1   [ RunTime:0.0000s ]
SQL: SELECT `image` FROM `pt_goods_image` WHERE ( stype=1 and good_id=4 ) ORDER BY id asc LIMIT 1   [ RunTime:0.0010s ]
INFO: [ view_parse ] --START--
INFO: [ template_filter ] --START--
INFO: Run Behavior\ContentReplaceBehavior [ RunTime:0.000000s ]
INFO: [ template_filter ] --END-- [ RunTime:0.000000s ]
INFO: Run Behavior\ParseTemplateBehavior [ RunTime:0.008000s ]
INFO: [ view_parse ] --END-- [ RunTime:0.008000s ]
INFO: [ view_filter ] --START--
INFO: Run Behavior\WriteHtmlCacheBehavior [ RunTime:0.001000s ]
INFO: [ view_filter ] --END-- [ RunTime:0.001000s ]
INFO: [ app_end ] --START--
INFO: Run Behavior\ShowPageTraceBehavior [ RunTime:0.001000s ]
INFO: [ app_end ] --END-- [ RunTime:0.001000s ]

[ 2018-05-08T16:38:51+08:00 ] 127.0.0.1 /index/Uploads/Goods/5ad1c6aa34da1.jpg
INFO: [ app_init ] --START--
INFO: Run Behavior\BuildLiteBehavior [ RunTime:0.000000s ]
INFO: [ app_init ] --END-- [ RunTime:0.000000s ]

[ 2018-05-08T16:38:51+08:00 ] 127.0.0.1 /index/Uploads/Goods/5ad1d57626062.png
INFO: [ app_init ] --START--
INFO: Run Behavior\BuildLiteBehavior [ RunTime:0.000000s ]
INFO: [ app_init ] --END-- [ RunTime:0.000000s ]

[ 2018-05-08T16:38:51+08:00 ] 127.0.0.1 /index/Uploads/Goods/5ad1d55f829cb.jpg
INFO: [ app_init ] --START--
INFO: Run Behavior\BuildLiteBehavior [ RunTime:0.000000s ]
INFO: [ app_init ] --END-- [ RunTime:0.000000s ]

[ 2018-05-08T16:38:51+08:00 ] 127.0.0.1 /index/Uploads/Goods/5ad1c6ddb79c8.jpg
INFO: [ app_init ] --START--
INFO: Run Behavior\BuildLiteBehavior [ RunTime:0.000000s ]
INFO: [ app_init ] --END-- [ RunTime:0.000000s ]

[ 2018-05-08T16:39:05+08:00 ] 127.0.0.1 /index/search?id=1
INFO: [ app_init ] --START--
INFO: Run Behavior\BuildLiteBehavior [ RunTime:0.000000s ]
INFO: [ app_init ] --END-- [ RunTime:0.000000s ]
INFO: [ app_begin ] --START--
INFO: Run Behavior\ReadHtmlCacheBehavior [ RunTime:0.001000s ]
INFO: [ app_begin ] --END-- [ RunTime:0.001000s ]
INFO: [ view_parse ] --START--
INFO: [ template_filter ] --START--
INFO: Run Behavior\ContentReplaceBehavior [ RunTime:0.000000s ]
INFO: [ template_filter ] --END-- [ RunTime:0.000000s ]
NOTIC: [8] Use of undefined constant good_id - assumed 'good_id' D:\xampp\htdocs\shop\Runtime\Cache\Home\9a4409d5e7124273fe28d84a484757fc.php 第 74 行.
NOTIC: [8] Undefined variable: vo D:\xampp\htdocs\shop\Runtime\Cache\Home\9a4409d5e7124273fe28d84a484757fc.php 第 74 行.
INFO: Run Behavior\ParseTemplateBehavior [ RunTime:0.006000s ]
INFO: [ view_parse ] --END-- [ RunTime:0.006000s ]
INFO: [ view_filter ] --START--
INFO: Run Behavior\WriteHtmlCacheBehavior [ RunTime:0.000000s ]
INFO: [ view_filter ] --END-- [ RunTime:0.000000s ]
INFO: [ app_end ] --START--
INFO: Run Behavior\ShowPageTraceBehavior [ RunTime:0.001000s ]
INFO: [ app_end ] --END-- [ RunTime:0.001000s ]

[ 2018-05-08T16:39:09+08:00 ] 127.0.0.1 /index/search?id=2
INFO: [ app_init ] --START--
INFO: Run Behavior\BuildLiteBehavior [ RunTime:0.000000s ]
INFO: [ app_init ] --END-- [ RunTime:0.000000s ]
INFO: [ app_begin ] --START--
INFO: Run Behavior\ReadHtmlCacheBehavior [ RunTime:0.001000s ]
INFO: [ app_begin ] --END-- [ RunTime:0.001000s ]
INFO: [ view_parse ] --START--
INFO: [ template_filter ] --START--
INFO: Run Behavior\ContentReplaceBehavior [ RunTime:0.000000s ]
INFO: [ template_filter ] --END-- [ RunTime:0.000000s ]
NOTIC: [8] Use of undefined constant good_id - assumed 'good_id' D:\xampp\htdocs\shop\Runtime\Cache\Home\9a4409d5e7124273fe28d84a484757fc.php 第 74 行.
NOTIC: [8] Undefined variable: vo D:\xampp\htdocs\shop\Runtime\Cache\Home\9a4409d5e7124273fe28d84a484757fc.php 第 74 行.
INFO: Run Behavior\ParseTemplateBehavior [ RunTime:0.007001s ]
INFO: [ view_parse ] --END-- [ RunTime:0.007001s ]
INFO: [ view_filter ] --START--
INFO: Run Behavior\WriteHtmlCacheBehavior [ RunTime:0.001000s ]
INFO: [ view_filter ] --END-- [ RunTime:0.001000s ]
INFO: [ app_end ] --START--
INFO: Run Behavior\ShowPageTraceBehavior [ RunTime:0.001000s ]
INFO: [ app_end ] --END-- [ RunTime:0.001000s ]

[ 2018-05-08T16:39:56+08:00 ] 127.0.0.1 /index/dosearch.html
INFO: [ app_init ] --START--
INFO: Run Behavior\BuildLiteBehavior [ RunTime:0.000000s ]
INFO: [ app_init ] --END-- [ RunTime:0.000000s ]
INFO: [ app_begin ] --START--
INFO: Run Behavior\ReadHtmlCacheBehavior [ RunTime:0.000000s ]
INFO: [ app_begin ] --END-- [ RunTime:0.000000s ]
SQL: SHOW COLUMNS FROM `pt_member` [ RunTime:0.0030s ]
SQL: SELECT `id` FROM `pt_member` WHERE ( phone=18519507610 ) LIMIT 1   [ RunTime:0.0000s ]
SQL: SHOW COLUMNS FROM `pt_orders` [ RunTime:0.0020s ]
ERR: 1064:You have an error in your SQL syntax; check the manual that corresponds to your MariaDB server version for the right syntax to use near '%d )' at line 1
 [ SQL语句 ] : SELECT o.order_id,o.good_id,o.size_id,o.good_count,o.wl_info,o.statue,g.goods_title,g.goods_istuan,g.goods_country FROM pt_orders as o left join pt_goods as g on o.good_id=g.id  WHERE ( o.user_id=%d ) 
ERR: 1064:You have an error in your SQL syntax; check the manual that corresponds to your MariaDB server version for the right syntax to use near '%d )' at line 1
 [ SQL语句 ] : SELECT o.order_id,o.good_id,o.size_id,o.good_count,o.wl_info,o.statue,g.goods_title,g.goods_istuan,g.goods_country FROM pt_orders as o left join pt_goods as g on o.good_id=g.id  WHERE ( o.user_id=%d ) 

[ 2018-05-08T16:51:05+08:00 ] 127.0.0.1 /index/dosearch.html
INFO: [ app_init ] --START--
INFO: Run Behavior\BuildLiteBehavior [ RunTime:0.000000s ]
INFO: [ app_init ] --END-- [ RunTime:0.001000s ]
INFO: [ app_begin ] --START--
INFO: Run Behavior\ReadHtmlCacheBehavior [ RunTime:0.001000s ]
INFO: [ app_begin ] --END-- [ RunTime:0.001000s ]
SQL: SHOW COLUMNS FROM `pt_member` [ RunTime:0.0030s ]
SQL: SELECT `id` FROM `pt_member` WHERE ( phone=18519507610 ) LIMIT 1   [ RunTime:0.0000s ]
SQL: SHOW COLUMNS FROM `pt_orders` [ RunTime:0.0030s ]
ERR: 1064:You have an error in your SQL syntax; check the manual that corresponds to your MariaDB server version for the right syntax to use near '%d )' at line 1
 [ SQL语句 ] : SELECT o.order_id,o.good_id,o.size_id,o.good_count,o.wl_info,o.statue,g.goods_title,g.goods_istuan,g.goods_country FROM pt_orders as o left join pt_goods as g on o.good_id=g.id  WHERE ( o.user_id=%d ) 
ERR: 1064:You have an error in your SQL syntax; check the manual that corresponds to your MariaDB server version for the right syntax to use near '%d )' at line 1
 [ SQL语句 ] : SELECT o.order_id,o.good_id,o.size_id,o.good_count,o.wl_info,o.statue,g.goods_title,g.goods_istuan,g.goods_country FROM pt_orders as o left join pt_goods as g on o.good_id=g.id  WHERE ( o.user_id=%d ) 

[ 2018-05-08T16:51:10+08:00 ] 127.0.0.1 /index/dosearch.html
INFO: [ app_init ] --START--
INFO: Run Behavior\BuildLiteBehavior [ RunTime:0.000000s ]
INFO: [ app_init ] --END-- [ RunTime:0.001000s ]
INFO: [ app_begin ] --START--
INFO: Run Behavior\ReadHtmlCacheBehavior [ RunTime:0.001000s ]
INFO: [ app_begin ] --END-- [ RunTime:0.001000s ]
SQL: SHOW COLUMNS FROM `pt_member` [ RunTime:0.0030s ]
SQL: SELECT `id` FROM `pt_member` WHERE ( phone=18519507610 ) LIMIT 1   [ RunTime:0.0000s ]
SQL: SHOW COLUMNS FROM `pt_orders` [ RunTime:0.0020s ]
ERR: 1064:You have an error in your SQL syntax; check the manual that corresponds to your MariaDB server version for the right syntax to use near '%d )' at line 1
 [ SQL语句 ] : SELECT o.order_id,o.good_id,o.size_id,o.good_count,o.wl_info,o.statue,g.goods_title,g.goods_istuan,g.goods_country FROM pt_orders as o left join pt_goods as g on o.good_id=g.id  WHERE ( o.user_id=%d ) 
ERR: 1064:You have an error in your SQL syntax; check the manual that corresponds to your MariaDB server version for the right syntax to use near '%d )' at line 1
 [ SQL语句 ] : SELECT o.order_id,o.good_id,o.size_id,o.good_count,o.wl_info,o.statue,g.goods_title,g.goods_istuan,g.goods_country FROM pt_orders as o left join pt_goods as g on o.good_id=g.id  WHERE ( o.user_id=%d ) 

[ 2018-05-08T16:53:10+08:00 ] 127.0.0.1 /index/dosearch.html
INFO: [ app_init ] --START--
INFO: Run Behavior\BuildLiteBehavior [ RunTime:0.000000s ]
INFO: [ app_init ] --END-- [ RunTime:0.000000s ]
INFO: [ app_begin ] --START--
INFO: Run Behavior\ReadHtmlCacheBehavior [ RunTime:0.001000s ]
INFO: [ app_begin ] --END-- [ RunTime:0.001000s ]
SQL: SHOW COLUMNS FROM `pt_member` [ RunTime:0.0020s ]
SQL: SELECT `id` FROM `pt_member` WHERE ( phone=18519507610 ) LIMIT 1   [ RunTime:0.0010s ]
SQL: SHOW COLUMNS FROM `pt_orders` [ RunTime:0.0020s ]
SQL: SELECT o.order_id,o.good_id,o.size_id,o.good_count,o.wl_info,o.statue,g.goods_title,g.goods_istuan,g.goods_country FROM pt_orders as o left join pt_goods as g on o.good_id=g.id  WHERE ( o.user_id=1 )  [ RunTime:0.0000s ]
INFO: [ view_parse ] --START--
INFO: [ template_filter ] --START--
INFO: Run Behavior\ContentReplaceBehavior [ RunTime:0.000000s ]
INFO: [ template_filter ] --END-- [ RunTime:0.000000s ]
NOTIC: [8] Undefined variable: vo D:\xampp\htdocs\shop\Runtime\Cache\Home\9a4409d5e7124273fe28d84a484757fc.php 第 35 行.
NOTIC: [8] Undefined variable: vo D:\xampp\htdocs\shop\Runtime\Cache\Home\9a4409d5e7124273fe28d84a484757fc.php 第 42 行.
NOTIC: [8] Undefined variable: vo D:\xampp\htdocs\shop\Runtime\Cache\Home\9a4409d5e7124273fe28d84a484757fc.php 第 45 行.
NOTIC: [8] Undefined variable: vo D:\xampp\htdocs\shop\Runtime\Cache\Home\9a4409d5e7124273fe28d84a484757fc.php 第 45 行.
NOTIC: [8] Undefined variable: vo D:\xampp\htdocs\shop\Runtime\Cache\Home\9a4409d5e7124273fe28d84a484757fc.php 第 45 行.
NOTIC: [8] Undefined variable: vo D:\xampp\htdocs\shop\Runtime\Cache\Home\9a4409d5e7124273fe28d84a484757fc.php 第 50 行.
NOTIC: [8] Undefined variable: vo D:\xampp\htdocs\shop\Runtime\Cache\Home\9a4409d5e7124273fe28d84a484757fc.php 第 55 行.
NOTIC: [8] Undefined variable: vo D:\xampp\htdocs\shop\Runtime\Cache\Home\9a4409d5e7124273fe28d84a484757fc.php 第 56 行.
NOTIC: [8] Undefined variable: vo D:\xampp\htdocs\shop\Runtime\Cache\Home\9a4409d5e7124273fe28d84a484757fc.php 第 57 行.
NOTIC: [8] Undefined variable: vo D:\xampp\htdocs\shop\Runtime\Cache\Home\9a4409d5e7124273fe28d84a484757fc.php 第 58 行.
NOTIC: [8] Undefined variable: vo D:\xampp\htdocs\shop\Runtime\Cache\Home\9a4409d5e7124273fe28d84a484757fc.php 第 59 行.
NOTIC: [8] Undefined variable: vo D:\xampp\htdocs\shop\Runtime\Cache\Home\9a4409d5e7124273fe28d84a484757fc.php 第 60 行.
NOTIC: [8] Undefined variable: vo D:\xampp\htdocs\shop\Runtime\Cache\Home\9a4409d5e7124273fe28d84a484757fc.php 第 61 行.
NOTIC: [8] Undefined variable: vo D:\xampp\htdocs\shop\Runtime\Cache\Home\9a4409d5e7124273fe28d84a484757fc.php 第 62 行.
NOTIC: [8] Undefined variable: vo D:\xampp\htdocs\shop\Runtime\Cache\Home\9a4409d5e7124273fe28d84a484757fc.php 第 63 行.
NOTIC: [8] Use of undefined constant good_id - assumed 'good_id' D:\xampp\htdocs\shop\Runtime\Cache\Home\9a4409d5e7124273fe28d84a484757fc.php 第 68 行.
NOTIC: [8] Undefined variable: vo D:\xampp\htdocs\shop\Runtime\Cache\Home\9a4409d5e7124273fe28d84a484757fc.php 第 68 行.
NOTIC: [8] Use of undefined constant good_id - assumed 'good_id' D:\xampp\htdocs\shop\Runtime\Cache\Home\9a4409d5e7124273fe28d84a484757fc.php 第 74 行.
NOTIC: [8] Undefined variable: vo D:\xampp\htdocs\shop\Runtime\Cache\Home\9a4409d5e7124273fe28d84a484757fc.php 第 74 行.
INFO: Run Behavior\ParseTemplateBehavior [ RunTime:0.057004s ]
INFO: [ view_parse ] --END-- [ RunTime:0.057004s ]
INFO: [ view_filter ] --START--
INFO: Run Behavior\WriteHtmlCacheBehavior [ RunTime:0.013000s ]
INFO: [ view_filter ] --END-- [ RunTime:0.013000s ]
INFO: [ app_end ] --START--
INFO: Run Behavior\ShowPageTraceBehavior [ RunTime:0.009001s ]
INFO: [ app_end ] --END-- [ RunTime:0.009001s ]

[ 2018-05-08T16:53:18+08:00 ] 127.0.0.1 /index/evaluate.html
INFO: [ app_init ] --START--
INFO: Run Behavior\BuildLiteBehavior [ RunTime:0.000000s ]
INFO: [ app_init ] --END-- [ RunTime:0.000000s ]
INFO: [ app_begin ] --START--
INFO: Run Behavior\ReadHtmlCacheBehavior [ RunTime:0.001000s ]
INFO: [ app_begin ] --END-- [ RunTime:0.001000s ]
SQL: SHOW COLUMNS FROM `pt_orders` [ RunTime:0.0030s ]
SQL: SELECT o.good_id,o.size_id,o.good_count,g.goods_title,g.goods_subtitle FROM pt_orders as o left join pt_goods as g on o.good_id=g.id  WHERE ( o.id=0 ) LIMIT 1   [ RunTime:0.0000s ]
SQL: SELECT s.color,s.size,s.weight FROM pt_orders as o left join pt_goods_size as s on o.good_id=s.good_id  WHERE ( o.id=0 ) LIMIT 1   [ RunTime:0.0010s ]
SQL: SHOW COLUMNS FROM `pt_goods_image` [ RunTime:0.0020s ]
ERR: 1064:You have an error in your SQL syntax; check the manual that corresponds to your MariaDB server version for the right syntax to use near '%d ) ORDER BY id asc LIMIT 1' at line 1
 [ SQL语句 ] : SELECT `image` FROM `pt_goods_image` WHERE ( stype=1 and good_id=%d ) ORDER BY id asc LIMIT 1  
ERR: 1064:You have an error in your SQL syntax; check the manual that corresponds to your MariaDB server version for the right syntax to use near '%d ) ORDER BY id asc LIMIT 1' at line 1
 [ SQL语句 ] : SELECT `image` FROM `pt_goods_image` WHERE ( stype=1 and good_id=%d ) ORDER BY id asc LIMIT 1  

[ 2018-05-08T16:56:19+08:00 ] 127.0.0.1 /index/evaluate.html
INFO: [ app_init ] --START--
INFO: Run Behavior\BuildLiteBehavior [ RunTime:0.000000s ]
INFO: [ app_init ] --END-- [ RunTime:0.001000s ]
INFO: [ app_begin ] --START--
INFO: Run Behavior\ReadHtmlCacheBehavior [ RunTime:0.001001s ]
INFO: [ app_begin ] --END-- [ RunTime:0.001001s ]
SQL: SHOW COLUMNS FROM `pt_orders` [ RunTime:0.0030s ]
SQL: SELECT o.good_id,o.size_id,o.good_count,g.goods_title,g.goods_subtitle FROM pt_orders as o left join pt_goods as g on o.good_id=g.id  WHERE ( o.id=0 ) LIMIT 1   [ RunTime:0.0000s ]
SQL: SELECT s.color,s.size,s.weight FROM pt_orders as o left join pt_goods_size as s on o.good_id=s.good_id  WHERE ( o.id=0 ) LIMIT 1   [ RunTime:0.0010s ]
SQL: SHOW COLUMNS FROM `pt_goods_image` [ RunTime:0.0020s ]
ERR: 1064:You have an error in your SQL syntax; check the manual that corresponds to your MariaDB server version for the right syntax to use near '%d ) ORDER BY id asc LIMIT 1' at line 1
 [ SQL语句 ] : SELECT `image` FROM `pt_goods_image` WHERE ( stype=1 and good_id=%d ) ORDER BY id asc LIMIT 1  
ERR: 1064:You have an error in your SQL syntax; check the manual that corresponds to your MariaDB server version for the right syntax to use near '%d ) ORDER BY id asc LIMIT 1' at line 1
 [ SQL语句 ] : SELECT `image` FROM `pt_goods_image` WHERE ( stype=1 and good_id=%d ) ORDER BY id asc LIMIT 1  

[ 2018-05-08T16:56:22+08:00 ] 127.0.0.1 /index/evaluate.html
INFO: [ app_init ] --START--
INFO: Run Behavior\BuildLiteBehavior [ RunTime:0.000000s ]
INFO: [ app_init ] --END-- [ RunTime:0.001000s ]
INFO: [ app_begin ] --START--
INFO: Run Behavior\ReadHtmlCacheBehavior [ RunTime:0.001000s ]
INFO: [ app_begin ] --END-- [ RunTime:0.001000s ]
SQL: SHOW COLUMNS FROM `pt_orders` [ RunTime:0.0020s ]
SQL: SELECT o.good_id,o.size_id,o.good_count,g.goods_title,g.goods_subtitle FROM pt_orders as o left join pt_goods as g on o.good_id=g.id  WHERE ( o.id=0 ) LIMIT 1   [ RunTime:0.0010s ]
SQL: SELECT s.color,s.size,s.weight FROM pt_orders as o left join pt_goods_size as s on o.good_id=s.good_id  WHERE ( o.id=0 ) LIMIT 1   [ RunTime:0.0000s ]
SQL: SHOW COLUMNS FROM `pt_goods_image` [ RunTime:0.0030s ]
ERR: 1064:You have an error in your SQL syntax; check the manual that corresponds to your MariaDB server version for the right syntax to use near '%d ) ORDER BY id asc LIMIT 1' at line 1
 [ SQL语句 ] : SELECT `image` FROM `pt_goods_image` WHERE ( stype=1 and good_id=%d ) ORDER BY id asc LIMIT 1  
ERR: 1064:You have an error in your SQL syntax; check the manual that corresponds to your MariaDB server version for the right syntax to use near '%d ) ORDER BY id asc LIMIT 1' at line 1
 [ SQL语句 ] : SELECT `image` FROM `pt_goods_image` WHERE ( stype=1 and good_id=%d ) ORDER BY id asc LIMIT 1  

[ 2018-05-08T16:56:24+08:00 ] 127.0.0.1 /index/evaluate.html
INFO: [ app_init ] --START--
INFO: Run Behavior\BuildLiteBehavior [ RunTime:0.001000s ]
INFO: [ app_init ] --END-- [ RunTime:0.001000s ]
INFO: [ app_begin ] --START--
INFO: Run Behavior\ReadHtmlCacheBehavior [ RunTime:0.001000s ]
INFO: [ app_begin ] --END-- [ RunTime:0.001000s ]
SQL: SHOW COLUMNS FROM `pt_orders` [ RunTime:0.0030s ]
SQL: SELECT o.good_id,o.size_id,o.good_count,g.goods_title,g.goods_subtitle FROM pt_orders as o left join pt_goods as g on o.good_id=g.id  WHERE ( o.id=0 ) LIMIT 1   [ RunTime:0.0000s ]
SQL: SELECT s.color,s.size,s.weight FROM pt_orders as o left join pt_goods_size as s on o.good_id=s.good_id  WHERE ( o.id=0 ) LIMIT 1   [ RunTime:0.0010s ]
SQL: SHOW COLUMNS FROM `pt_goods_image` [ RunTime:0.0020s ]
ERR: 1064:You have an error in your SQL syntax; check the manual that corresponds to your MariaDB server version for the right syntax to use near '%d ) ORDER BY id asc LIMIT 1' at line 1
 [ SQL语句 ] : SELECT `image` FROM `pt_goods_image` WHERE ( stype=1 and good_id=%d ) ORDER BY id asc LIMIT 1  
ERR: 1064:You have an error in your SQL syntax; check the manual that corresponds to your MariaDB server version for the right syntax to use near '%d ) ORDER BY id asc LIMIT 1' at line 1
 [ SQL语句 ] : SELECT `image` FROM `pt_goods_image` WHERE ( stype=1 and good_id=%d ) ORDER BY id asc LIMIT 1  

[ 2018-05-08T16:56:25+08:00 ] 127.0.0.1 /index/evaluate.html
INFO: [ app_init ] --START--
INFO: Run Behavior\BuildLiteBehavior [ RunTime:0.000000s ]
INFO: [ app_init ] --END-- [ RunTime:0.001000s ]
INFO: [ app_begin ] --START--
INFO: Run Behavior\ReadHtmlCacheBehavior [ RunTime:0.002000s ]
INFO: [ app_begin ] --END-- [ RunTime:0.002000s ]
SQL: SHOW COLUMNS FROM `pt_orders` [ RunTime:0.0040s ]
SQL: SELECT o.good_id,o.size_id,o.good_count,g.goods_title,g.goods_subtitle FROM pt_orders as o left join pt_goods as g on o.good_id=g.id  WHERE ( o.id=0 ) LIMIT 1   [ RunTime:0.0000s ]
SQL: SELECT s.color,s.size,s.weight FROM pt_orders as o left join pt_goods_size as s on o.good_id=s.good_id  WHERE ( o.id=0 ) LIMIT 1   [ RunTime:0.0010s ]
SQL: SHOW COLUMNS FROM `pt_goods_image` [ RunTime:0.0040s ]
ERR: 1064:You have an error in your SQL syntax; check the manual that corresponds to your MariaDB server version for the right syntax to use near '%d ) ORDER BY id asc LIMIT 1' at line 1
 [ SQL语句 ] : SELECT `image` FROM `pt_goods_image` WHERE ( stype=1 and good_id=%d ) ORDER BY id asc LIMIT 1  
ERR: 1064:You have an error in your SQL syntax; check the manual that corresponds to your MariaDB server version for the right syntax to use near '%d ) ORDER BY id asc LIMIT 1' at line 1
 [ SQL语句 ] : SELECT `image` FROM `pt_goods_image` WHERE ( stype=1 and good_id=%d ) ORDER BY id asc LIMIT 1  

[ 2018-05-08T16:56:25+08:00 ] 127.0.0.1 /index/evaluate.html
INFO: [ app_init ] --START--
INFO: Run Behavior\BuildLiteBehavior [ RunTime:0.000000s ]
INFO: [ app_init ] --END-- [ RunTime:0.001000s ]
INFO: [ app_begin ] --START--
INFO: Run Behavior\ReadHtmlCacheBehavior [ RunTime:0.001000s ]
INFO: [ app_begin ] --END-- [ RunTime:0.001000s ]
SQL: SHOW COLUMNS FROM `pt_orders` [ RunTime:0.0030s ]
SQL: SELECT o.good_id,o.size_id,o.good_count,g.goods_title,g.goods_subtitle FROM pt_orders as o left join pt_goods as g on o.good_id=g.id  WHERE ( o.id=0 ) LIMIT 1   [ RunTime:0.0000s ]
SQL: SELECT s.color,s.size,s.weight FROM pt_orders as o left join pt_goods_size as s on o.good_id=s.good_id  WHERE ( o.id=0 ) LIMIT 1   [ RunTime:0.0000s ]
SQL: SHOW COLUMNS FROM `pt_goods_image` [ RunTime:0.0020s ]
ERR: 1064:You have an error in your SQL syntax; check the manual that corresponds to your MariaDB server version for the right syntax to use near '%d ) ORDER BY id asc LIMIT 1' at line 1
 [ SQL语句 ] : SELECT `image` FROM `pt_goods_image` WHERE ( stype=1 and good_id=%d ) ORDER BY id asc LIMIT 1  
ERR: 1064:You have an error in your SQL syntax; check the manual that corresponds to your MariaDB server version for the right syntax to use near '%d ) ORDER BY id asc LIMIT 1' at line 1
 [ SQL语句 ] : SELECT `image` FROM `pt_goods_image` WHERE ( stype=1 and good_id=%d ) ORDER BY id asc LIMIT 1  

[ 2018-05-08T16:56:26+08:00 ] 127.0.0.1 /index/evaluate.html
INFO: [ app_init ] --START--
INFO: Run Behavior\BuildLiteBehavior [ RunTime:0.000000s ]
INFO: [ app_init ] --END-- [ RunTime:0.001000s ]
INFO: [ app_begin ] --START--
INFO: Run Behavior\ReadHtmlCacheBehavior [ RunTime:0.001000s ]
INFO: [ app_begin ] --END-- [ RunTime:0.001000s ]
SQL: SHOW COLUMNS FROM `pt_orders` [ RunTime:0.0030s ]
SQL: SELECT o.good_id,o.size_id,o.good_count,g.goods_title,g.goods_subtitle FROM pt_orders as o left join pt_goods as g on o.good_id=g.id  WHERE ( o.id=0 ) LIMIT 1   [ RunTime:0.0010s ]
SQL: SELECT s.color,s.size,s.weight FROM pt_orders as o left join pt_goods_size as s on o.good_id=s.good_id  WHERE ( o.id=0 ) LIMIT 1   [ RunTime:0.0000s ]
SQL: SHOW COLUMNS FROM `pt_goods_image` [ RunTime:0.0030s ]
ERR: 1064:You have an error in your SQL syntax; check the manual that corresponds to your MariaDB server version for the right syntax to use near '%d ) ORDER BY id asc LIMIT 1' at line 1
 [ SQL语句 ] : SELECT `image` FROM `pt_goods_image` WHERE ( stype=1 and good_id=%d ) ORDER BY id asc LIMIT 1  
ERR: 1064:You have an error in your SQL syntax; check the manual that corresponds to your MariaDB server version for the right syntax to use near '%d ) ORDER BY id asc LIMIT 1' at line 1
 [ SQL语句 ] : SELECT `image` FROM `pt_goods_image` WHERE ( stype=1 and good_id=%d ) ORDER BY id asc LIMIT 1  

[ 2018-05-08T16:57:28+08:00 ] 127.0.0.1 /index/dosearch.html
INFO: [ app_init ] --START--
INFO: Run Behavior\BuildLiteBehavior [ RunTime:0.000000s ]
INFO: [ app_init ] --END-- [ RunTime:0.001000s ]
INFO: [ app_begin ] --START--
INFO: Run Behavior\ReadHtmlCacheBehavior [ RunTime:0.001000s ]
INFO: [ app_begin ] --END-- [ RunTime:0.002000s ]
SQL: SHOW COLUMNS FROM `pt_member` [ RunTime:0.0040s ]
SQL: SELECT `id` FROM `pt_member` WHERE ( phone=18519507610 ) LIMIT 1   [ RunTime:0.0000s ]
SQL: SHOW COLUMNS FROM `pt_orders` [ RunTime:0.0030s ]
SQL: SELECT o.order_id,o.good_id,o.size_id,o.good_count,o.wl_info,o.statue,g.goods_title,g.goods_istuan,g.goods_country FROM pt_orders as o left join pt_goods as g on o.good_id=g.id  WHERE ( o.user_id=1 )  [ RunTime:0.0000s ]
INFO: [ view_parse ] --START--
INFO: [ template_filter ] --START--
INFO: Run Behavior\ContentReplaceBehavior [ RunTime:0.000000s ]
INFO: [ template_filter ] --END-- [ RunTime:0.000000s ]
NOTIC: [8] Undefined variable: vo D:\xampp\htdocs\shop\Runtime\Cache\Home\9a4409d5e7124273fe28d84a484757fc.php 第 35 行.
NOTIC: [8] Undefined variable: vo D:\xampp\htdocs\shop\Runtime\Cache\Home\9a4409d5e7124273fe28d84a484757fc.php 第 42 行.
NOTIC: [8] Undefined variable: vo D:\xampp\htdocs\shop\Runtime\Cache\Home\9a4409d5e7124273fe28d84a484757fc.php 第 45 行.
NOTIC: [8] Undefined variable: vo D:\xampp\htdocs\shop\Runtime\Cache\Home\9a4409d5e7124273fe28d84a484757fc.php 第 45 行.
NOTIC: [8] Undefined variable: vo D:\xampp\htdocs\shop\Runtime\Cache\Home\9a4409d5e7124273fe28d84a484757fc.php 第 45 行.
NOTIC: [8] Undefined variable: vo D:\xampp\htdocs\shop\Runtime\Cache\Home\9a4409d5e7124273fe28d84a484757fc.php 第 50 行.
NOTIC: [8] Undefined variable: vo D:\xampp\htdocs\shop\Runtime\Cache\Home\9a4409d5e7124273fe28d84a484757fc.php 第 55 行.
NOTIC: [8] Undefined variable: vo D:\xampp\htdocs\shop\Runtime\Cache\Home\9a4409d5e7124273fe28d84a484757fc.php 第 56 行.
NOTIC: [8] Undefined variable: vo D:\xampp\htdocs\shop\Runtime\Cache\Home\9a4409d5e7124273fe28d84a484757fc.php 第 57 行.
NOTIC: [8] Undefined variable: vo D:\xampp\htdocs\shop\Runtime\Cache\Home\9a4409d5e7124273fe28d84a484757fc.php 第 58 行.
NOTIC: [8] Undefined variable: vo D:\xampp\htdocs\shop\Runtime\Cache\Home\9a4409d5e7124273fe28d84a484757fc.php 第 59 行.
NOTIC: [8] Undefined variable: vo D:\xampp\htdocs\shop\Runtime\Cache\Home\9a4409d5e7124273fe28d84a484757fc.php 第 60 行.
NOTIC: [8] Undefined variable: vo D:\xampp\htdocs\shop\Runtime\Cache\Home\9a4409d5e7124273fe28d84a484757fc.php 第 61 行.
NOTIC: [8] Undefined variable: vo D:\xampp\htdocs\shop\Runtime\Cache\Home\9a4409d5e7124273fe28d84a484757fc.php 第 62 行.
NOTIC: [8] Undefined variable: vo D:\xampp\htdocs\shop\Runtime\Cache\Home\9a4409d5e7124273fe28d84a484757fc.php 第 63 行.
NOTIC: [8] Use of undefined constant good_id - assumed 'good_id' D:\xampp\htdocs\shop\Runtime\Cache\Home\9a4409d5e7124273fe28d84a484757fc.php 第 68 行.
NOTIC: [8] Undefined variable: vo D:\xampp\htdocs\shop\Runtime\Cache\Home\9a4409d5e7124273fe28d84a484757fc.php 第 68 行.
NOTIC: [8] Use of undefined constant good_id - assumed 'good_id' D:\xampp\htdocs\shop\Runtime\Cache\Home\9a4409d5e7124273fe28d84a484757fc.php 第 74 行.
NOTIC: [8] Undefined variable: vo D:\xampp\htdocs\shop\Runtime\Cache\Home\9a4409d5e7124273fe28d84a484757fc.php 第 74 行.
INFO: Run Behavior\ParseTemplateBehavior [ RunTime:0.007000s ]
INFO: [ view_parse ] --END-- [ RunTime:0.007000s ]
INFO: [ view_filter ] --START--
INFO: Run Behavior\WriteHtmlCacheBehavior [ RunTime:0.001000s ]
INFO: [ view_filter ] --END-- [ RunTime:0.001000s ]
INFO: [ app_end ] --START--
INFO: Run Behavior\ShowPageTraceBehavior [ RunTime:0.000000s ]
INFO: [ app_end ] --END-- [ RunTime:0.000000s ]

[ 2018-05-08T16:59:45+08:00 ] 127.0.0.1 /index/dosearch.html?model=CN
INFO: [ app_init ] --START--
INFO: Run Behavior\BuildLiteBehavior [ RunTime:0.000000s ]
INFO: [ app_init ] --END-- [ RunTime:0.001000s ]
INFO: [ app_begin ] --START--
INFO: Run Behavior\ReadHtmlCacheBehavior [ RunTime:0.001000s ]
INFO: [ app_begin ] --END-- [ RunTime:0.001000s ]
SQL: SHOW COLUMNS FROM `pt_member` [ RunTime:0.0030s ]
ERR: 1064:You have an error in your SQL syntax; check the manual that corresponds to your MariaDB server version for the right syntax to use near ') LIMIT 1' at line 1
 [ SQL语句 ] : SELECT `id` FROM `pt_member` WHERE ( phone= ) LIMIT 1  
ERR: 1064:You have an error in your SQL syntax; check the manual that corresponds to your MariaDB server version for the right syntax to use near ') LIMIT 1' at line 1
 [ SQL语句 ] : SELECT `id` FROM `pt_member` WHERE ( phone= ) LIMIT 1  

[ 2018-05-08T16:59:50+08:00 ] 127.0.0.1 /index/search.html?model=CN
INFO: [ app_init ] --START--
INFO: Run Behavior\BuildLiteBehavior [ RunTime:0.000000s ]
INFO: [ app_init ] --END-- [ RunTime:0.001001s ]
INFO: [ app_begin ] --START--
INFO: Run Behavior\ReadHtmlCacheBehavior [ RunTime:0.001000s ]
INFO: [ app_begin ] --END-- [ RunTime:0.001000s ]
INFO: [ view_parse ] --START--
INFO: [ template_filter ] --START--
INFO: Run Behavior\ContentReplaceBehavior [ RunTime:0.000000s ]
INFO: [ template_filter ] --END-- [ RunTime:0.000000s ]
NOTIC: [8] Use of undefined constant good_id - assumed 'good_id' D:\xampp\htdocs\shop\Runtime\Cache\Home\bf3b4465296514de17e1f8dd92d84602.php 第 70 行.
NOTIC: [8] Undefined variable: vo D:\xampp\htdocs\shop\Runtime\Cache\Home\bf3b4465296514de17e1f8dd92d84602.php 第 70 行.
INFO: Run Behavior\ParseTemplateBehavior [ RunTime:0.022001s ]
INFO: [ view_parse ] --END-- [ RunTime:0.022001s ]
INFO: [ view_filter ] --START--
INFO: Run Behavior\WriteHtmlCacheBehavior [ RunTime:0.000000s ]
INFO: [ view_filter ] --END-- [ RunTime:0.000000s ]
INFO: [ app_end ] --START--
INFO: Run Behavior\ShowPageTraceBehavior [ RunTime:0.001000s ]
INFO: [ app_end ] --END-- [ RunTime:0.001000s ]

[ 2018-05-08T17:00:07+08:00 ] 127.0.0.1 /index/dosearch.html
INFO: [ app_init ] --START--
INFO: Run Behavior\BuildLiteBehavior [ RunTime:0.000000s ]
INFO: [ app_init ] --END-- [ RunTime:0.001000s ]
INFO: [ app_begin ] --START--
INFO: Run Behavior\ReadHtmlCacheBehavior [ RunTime:0.001000s ]
INFO: [ app_begin ] --END-- [ RunTime:0.001000s ]
SQL: SHOW COLUMNS FROM `pt_member` [ RunTime:0.0030s ]
SQL: SELECT `id` FROM `pt_member` WHERE ( phone=18519507610 ) LIMIT 1   [ RunTime:0.0000s ]
SQL: SHOW COLUMNS FROM `pt_orders` [ RunTime:0.0030s ]
SQL: SELECT o.order_id,o.good_id,o.size_id,o.good_count,o.wl_info,o.statue,g.goods_title,g.goods_istuan,g.goods_country FROM pt_orders as o left join pt_goods as g on o.good_id=g.id  WHERE ( o.user_id=1 )  [ RunTime:0.0000s ]
INFO: [ view_parse ] --START--
INFO: [ template_filter ] --START--
INFO: Run Behavior\ContentReplaceBehavior [ RunTime:0.000000s ]
INFO: [ template_filter ] --END-- [ RunTime:0.000000s ]
NOTIC: [8] Use of undefined constant good_id - assumed 'good_id' D:\xampp\htdocs\shop\Runtime\Cache\Home\bf3b4465296514de17e1f8dd92d84602.php 第 70 行.
NOTIC: [8] Undefined variable: vo D:\xampp\htdocs\shop\Runtime\Cache\Home\bf3b4465296514de17e1f8dd92d84602.php 第 70 行.
INFO: Run Behavior\ParseTemplateBehavior [ RunTime:0.006000s ]
INFO: [ view_parse ] --END-- [ RunTime:0.006000s ]
INFO: [ view_filter ] --START--
INFO: Run Behavior\WriteHtmlCacheBehavior [ RunTime:0.001000s ]
INFO: [ view_filter ] --END-- [ RunTime:0.001000s ]
INFO: [ app_end ] --START--
INFO: Run Behavior\ShowPageTraceBehavior [ RunTime:0.001000s ]
INFO: [ app_end ] --END-- [ RunTime:0.001000s ]

[ 2018-05-08T17:00:58+08:00 ] 127.0.0.1 /index/dosearch.html
INFO: [ app_init ] --START--
INFO: Run Behavior\BuildLiteBehavior [ RunTime:0.000000s ]
INFO: [ app_init ] --END-- [ RunTime:0.001001s ]
INFO: [ app_begin ] --START--
INFO: Run Behavior\ReadHtmlCacheBehavior [ RunTime:0.001000s ]
INFO: [ app_begin ] --END-- [ RunTime:0.001000s ]
SQL: SHOW COLUMNS FROM `pt_member` [ RunTime:0.0030s ]
SQL: SELECT `id` FROM `pt_member` WHERE ( phone=18519507610 ) LIMIT 1   [ RunTime:0.0010s ]
SQL: SHOW COLUMNS FROM `pt_orders` [ RunTime:0.0020s ]
SQL: SELECT o.order_id,o.good_id,o.size_id,o.good_count,o.wl_info,o.statue,g.goods_title,g.goods_istuan,g.goods_country FROM pt_orders as o left join pt_goods as g on o.good_id=g.id  WHERE ( o.user_id=1 )  [ RunTime:0.0010s ]
INFO: [ view_parse ] --START--
INFO: [ template_filter ] --START--
INFO: Run Behavior\ContentReplaceBehavior [ RunTime:0.000000s ]
INFO: [ template_filter ] --END-- [ RunTime:0.000000s ]
NOTIC: [8] Use of undefined constant good_id - assumed 'good_id' D:\xampp\htdocs\shop\Runtime\Cache\Home\bf3b4465296514de17e1f8dd92d84602.php 第 70 行.
NOTIC: [8] Undefined variable: vo D:\xampp\htdocs\shop\Runtime\Cache\Home\bf3b4465296514de17e1f8dd92d84602.php 第 70 行.
INFO: Run Behavior\ParseTemplateBehavior [ RunTime:0.008000s ]
INFO: [ view_parse ] --END-- [ RunTime:0.008000s ]
INFO: [ view_filter ] --START--
INFO: Run Behavior\WriteHtmlCacheBehavior [ RunTime:0.001000s ]
INFO: [ view_filter ] --END-- [ RunTime:0.001000s ]
INFO: [ app_end ] --START--
INFO: Run Behavior\ShowPageTraceBehavior [ RunTime:0.001000s ]
INFO: [ app_end ] --END-- [ RunTime:0.001000s ]

[ 2018-05-08T17:02:00+08:00 ] 127.0.0.1 /index/dosearch.html
INFO: [ app_init ] --START--
INFO: Run Behavior\BuildLiteBehavior [ RunTime:0.000000s ]
INFO: [ app_init ] --END-- [ RunTime:0.001000s ]
INFO: [ app_begin ] --START--
INFO: Run Behavior\ReadHtmlCacheBehavior [ RunTime:0.001000s ]
INFO: [ app_begin ] --END-- [ RunTime:0.001000s ]
SQL: SHOW COLUMNS FROM `pt_member` [ RunTime:0.0380s ]
SQL: SELECT `id` FROM `pt_member` WHERE ( phone=18519507610 ) LIMIT 1   [ RunTime:0.0000s ]
SQL: SHOW COLUMNS FROM `pt_orders` [ RunTime:0.0030s ]
SQL: SELECT o.order_id,o.good_id,o.size_id,o.good_count,o.wl_info,o.statue,g.goods_title,g.goods_istuan,g.goods_country FROM pt_orders as o left join pt_goods as g on o.good_id=g.id  WHERE ( o.user_id=1 )  [ RunTime:0.0010s ]
SQL: SHOW COLUMNS FROM `pt_goods_size` [ RunTime:0.0020s ]
SQL: SELECT `color`,`size`,`weight` FROM `pt_goods_size` WHERE ( id=1 ) LIMIT 1   [ RunTime:0.0010s ]
INFO: [ view_parse ] --START--
INFO: [ template_filter ] --START--
INFO: Run Behavior\ContentReplaceBehavior [ RunTime:0.000000s ]
INFO: [ template_filter ] --END-- [ RunTime:0.000000s ]
NOTIC: [8] Use of undefined constant good_id - assumed 'good_id' D:\xampp\htdocs\shop\Runtime\Cache\Home\bf3b4465296514de17e1f8dd92d84602.php 第 65 行.
NOTIC: [8] Use of undefined constant good_id - assumed 'good_id' D:\xampp\htdocs\shop\Runtime\Cache\Home\bf3b4465296514de17e1f8dd92d84602.php 第 70 行.
INFO: Run Behavior\ParseTemplateBehavior [ RunTime:0.007000s ]
INFO: [ view_parse ] --END-- [ RunTime:0.007000s ]
INFO: [ view_filter ] --START--
INFO: Run Behavior\WriteHtmlCacheBehavior [ RunTime:0.001000s ]
INFO: [ view_filter ] --END-- [ RunTime:0.001000s ]
INFO: [ app_end ] --START--
INFO: Run Behavior\ShowPageTraceBehavior [ RunTime:0.001001s ]
INFO: [ app_end ] --END-- [ RunTime:0.001001s ]

[ 2018-05-08T17:02:56+08:00 ] 127.0.0.1 /index/dosearch.html
INFO: [ app_init ] --START--
INFO: Run Behavior\BuildLiteBehavior [ RunTime:0.000000s ]
INFO: [ app_init ] --END-- [ RunTime:0.001000s ]
INFO: [ app_begin ] --START--
INFO: Run Behavior\ReadHtmlCacheBehavior [ RunTime:0.002000s ]
INFO: [ app_begin ] --END-- [ RunTime:0.002000s ]
SQL: SHOW COLUMNS FROM `pt_member` [ RunTime:0.0020s ]
SQL: SELECT `id` FROM `pt_member` WHERE ( phone=18519507610 ) LIMIT 1   [ RunTime:0.0010s ]
SQL: SHOW COLUMNS FROM `pt_orders` [ RunTime:0.0020s ]
SQL: SELECT o.order_id,o.good_id,o.size_id,o.good_count,o.wl_info,o.statue,g.goods_title,g.goods_istuan,g.goods_country FROM pt_orders as o left join pt_goods as g on o.good_id=g.id  WHERE ( o.user_id=1 )  [ RunTime:0.0010s ]
SQL: SHOW COLUMNS FROM `pt_goods_size` [ RunTime:0.0020s ]
SQL: SELECT `color`,`size`,`weight` FROM `pt_goods_size` WHERE ( id=1 ) LIMIT 1   [ RunTime:0.0000s ]
INFO: [ view_parse ] --START--
INFO: [ template_filter ] --START--
INFO: Run Behavior\ContentReplaceBehavior [ RunTime:0.000000s ]
INFO: [ template_filter ] --END-- [ RunTime:0.000000s ]
NOTIC: [8] Use of undefined constant good_id - assumed 'good_id' D:\xampp\htdocs\shop\Runtime\Cache\Home\bf3b4465296514de17e1f8dd92d84602.php 第 65 行.
NOTIC: [8] Use of undefined constant good_id - assumed 'good_id' D:\xampp\htdocs\shop\Runtime\Cache\Home\bf3b4465296514de17e1f8dd92d84602.php 第 65 行.
NOTIC: [8] Undefined index: id D:\xampp\htdocs\shop\Runtime\Cache\Home\bf3b4465296514de17e1f8dd92d84602.php 第 65 行.
NOTIC: [8] Use of undefined constant good_id - assumed 'good_id' D:\xampp\htdocs\shop\Runtime\Cache\Home\bf3b4465296514de17e1f8dd92d84602.php 第 70 行.
INFO: Run Behavior\ParseTemplateBehavior [ RunTime:0.007000s ]
INFO: [ view_parse ] --END-- [ RunTime:0.007000s ]
INFO: [ view_filter ] --START--
INFO: Run Behavior\WriteHtmlCacheBehavior [ RunTime:0.001000s ]
INFO: [ view_filter ] --END-- [ RunTime:0.001000s ]
INFO: [ app_end ] --START--
INFO: Run Behavior\ShowPageTraceBehavior [ RunTime:0.001000s ]
INFO: [ app_end ] --END-- [ RunTime:0.001000s ]

[ 2018-05-08T17:03:17+08:00 ] 127.0.0.1 /index/dosearch.html
INFO: [ app_init ] --START--
INFO: Run Behavior\BuildLiteBehavior [ RunTime:0.000000s ]
INFO: [ app_init ] --END-- [ RunTime:0.001000s ]
INFO: [ app_begin ] --START--
INFO: Run Behavior\ReadHtmlCacheBehavior [ RunTime:0.000000s ]
INFO: [ app_begin ] --END-- [ RunTime:0.000000s ]
SQL: SHOW COLUMNS FROM `pt_member` [ RunTime:0.0030s ]
SQL: SELECT `id` FROM `pt_member` WHERE ( phone=18519507610 ) LIMIT 1   [ RunTime:0.0000s ]
SQL: SHOW COLUMNS FROM `pt_orders` [ RunTime:0.0020s ]
SQL: SELECT o.id,o.order_id,o.good_id,o.size_id,o.good_count,o.wl_info,o.statue,g.goods_title,g.goods_istuan,g.goods_country FROM pt_orders as o left join pt_goods as g on o.good_id=g.id  WHERE ( o.user_id=1 )  [ RunTime:0.0010s ]
SQL: SHOW COLUMNS FROM `pt_goods_size` [ RunTime:0.0020s ]
SQL: SELECT `color`,`size`,`weight` FROM `pt_goods_size` WHERE ( id=1 ) LIMIT 1   [ RunTime:0.0000s ]
INFO: [ view_parse ] --START--
INFO: [ template_filter ] --START--
INFO: Run Behavior\ContentReplaceBehavior [ RunTime:0.000000s ]
INFO: [ template_filter ] --END-- [ RunTime:0.000000s ]
NOTIC: [8] Use of undefined constant good_id - assumed 'good_id' D:\xampp\htdocs\shop\Runtime\Cache\Home\bf3b4465296514de17e1f8dd92d84602.php 第 65 行.
NOTIC: [8] Use of undefined constant good_id - assumed 'good_id' D:\xampp\htdocs\shop\Runtime\Cache\Home\bf3b4465296514de17e1f8dd92d84602.php 第 65 行.
NOTIC: [8] Use of undefined constant good_id - assumed 'good_id' D:\xampp\htdocs\shop\Runtime\Cache\Home\bf3b4465296514de17e1f8dd92d84602.php 第 70 行.
INFO: Run Behavior\ParseTemplateBehavior [ RunTime:0.008000s ]
INFO: [ view_parse ] --END-- [ RunTime:0.008000s ]
INFO: [ view_filter ] --START--
INFO: Run Behavior\WriteHtmlCacheBehavior [ RunTime:0.001000s ]
INFO: [ view_filter ] --END-- [ RunTime:0.001000s ]
INFO: [ app_end ] --START--
INFO: Run Behavior\ShowPageTraceBehavior [ RunTime:0.000000s ]
INFO: [ app_end ] --END-- [ RunTime:0.001000s ]

[ 2018-05-08T17:04:10+08:00 ] 127.0.0.1 /index/dosearch.html
INFO: [ app_init ] --START--
INFO: Run Behavior\BuildLiteBehavior [ RunTime:0.000000s ]
INFO: [ app_init ] --END-- [ RunTime:0.001000s ]
INFO: [ app_begin ] --START--
INFO: Run Behavior\ReadHtmlCacheBehavior [ RunTime:0.001000s ]
INFO: [ app_begin ] --END-- [ RunTime:0.001000s ]
SQL: SHOW COLUMNS FROM `pt_member` [ RunTime:0.0030s ]
SQL: SELECT `id` FROM `pt_member` WHERE ( phone=18519507610 ) LIMIT 1   [ RunTime:0.0010s ]
SQL: SHOW COLUMNS FROM `pt_orders` [ RunTime:0.0020s ]
SQL: SELECT o.id,o.order_id,o.good_id,o.size_id,o.good_count,o.wl_info,o.statue,g.goods_title,g.goods_istuan,g.goods_country FROM pt_orders as o left join pt_goods as g on o.good_id=g.id  WHERE ( o.user_id=1 )  [ RunTime:0.0000s ]
SQL: SHOW COLUMNS FROM `pt_goods_size` [ RunTime:0.0020s ]
SQL: SELECT `color`,`size`,`weight` FROM `pt_goods_size` WHERE ( id=1 ) LIMIT 1   [ RunTime:0.0000s ]
INFO: [ view_parse ] --START--
INFO: [ template_filter ] --START--
INFO: Run Behavior\ContentReplaceBehavior [ RunTime:0.000000s ]
INFO: [ template_filter ] --END-- [ RunTime:0.000000s ]
NOTIC: [8] Use of undefined constant id - assumed 'id' D:\xampp\htdocs\shop\Runtime\Cache\Home\bf3b4465296514de17e1f8dd92d84602.php 第 65 行.
NOTIC: [8] Use of undefined constant good_id - assumed 'good_id' D:\xampp\htdocs\shop\Runtime\Cache\Home\bf3b4465296514de17e1f8dd92d84602.php 第 70 行.
INFO: Run Behavior\ParseTemplateBehavior [ RunTime:0.007000s ]
INFO: [ view_parse ] --END-- [ RunTime:0.007000s ]
INFO: [ view_filter ] --START--
INFO: Run Behavior\WriteHtmlCacheBehavior [ RunTime:0.000000s ]
INFO: [ view_filter ] --END-- [ RunTime:0.000000s ]
INFO: [ app_end ] --START--
INFO: Run Behavior\ShowPageTraceBehavior [ RunTime:0.001001s ]
INFO: [ app_end ] --END-- [ RunTime:0.001001s ]

[ 2018-05-08T17:04:14+08:00 ] 127.0.0.1 /index/evaluate/id/1/model/CN.html
INFO: [ app_init ] --START--
INFO: Run Behavior\BuildLiteBehavior [ RunTime:0.000000s ]
INFO: [ app_init ] --END-- [ RunTime:0.001000s ]
INFO: [ app_begin ] --START--
INFO: Run Behavior\ReadHtmlCacheBehavior [ RunTime:0.002000s ]
INFO: [ app_begin ] --END-- [ RunTime:0.002000s ]
SQL: SHOW COLUMNS FROM `pt_orders` [ RunTime:0.0030s ]
SQL: SELECT o.good_id,o.size_id,o.good_count,g.goods_title,g.goods_subtitle FROM pt_orders as o left join pt_goods as g on o.good_id=g.id  WHERE ( o.id=1 ) LIMIT 1   [ RunTime:0.0000s ]
SQL: SELECT s.color,s.size,s.weight FROM pt_orders as o left join pt_goods_size as s on o.good_id=s.good_id  WHERE ( o.id=1 ) LIMIT 1   [ RunTime:0.0000s ]
SQL: SHOW COLUMNS FROM `pt_goods_image` [ RunTime:0.0020s ]
SQL: SELECT `image` FROM `pt_goods_image` WHERE ( stype=1 and good_id=1 ) ORDER BY id asc LIMIT 1   [ RunTime:0.0000s ]
INFO: [ view_parse ] --START--
INFO: [ template_filter ] --START--
INFO: Run Behavior\ContentReplaceBehavior [ RunTime:0.000000s ]
INFO: [ template_filter ] --END-- [ RunTime:0.000000s ]
NOTIC: [8] Use of undefined constant image - assumed 'image' D:\xampp\htdocs\shop\Runtime\Cache\Home\9aa0a646c1353e8deb16673374bd440e.php 第 27 行.
INFO: Run Behavior\ParseTemplateBehavior [ RunTime:0.017001s ]
INFO: [ view_parse ] --END-- [ RunTime:0.017001s ]
INFO: [ view_filter ] --START--
INFO: Run Behavior\WriteHtmlCacheBehavior [ RunTime:0.000000s ]
INFO: [ view_filter ] --END-- [ RunTime:0.000000s ]
INFO: [ app_end ] --START--
INFO: Run Behavior\ShowPageTraceBehavior [ RunTime:0.001000s ]
INFO: [ app_end ] --END-- [ RunTime:0.001000s ]

[ 2018-05-08T17:04:14+08:00 ] 127.0.0.1 /Public/Home/js/jquery-1.8.3.js
INFO: [ app_init ] --START--
INFO: Run Behavior\BuildLiteBehavior [ RunTime:0.000000s ]
INFO: [ app_init ] --END-- [ RunTime:0.001000s ]
INFO: [ app_begin ] --START--
INFO: Run Behavior\ReadHtmlCacheBehavior [ RunTime:0.002000s ]
INFO: [ app_begin ] --END-- [ RunTime:0.002000s ]
ERR: 无法加载控制器:Public

[ 2018-05-08T17:05:47+08:00 ] 127.0.0.1 /index/evaluate/id/1/model/CN.html
INFO: [ app_init ] --START--
INFO: Run Behavior\BuildLiteBehavior [ RunTime:0.000000s ]
INFO: [ app_init ] --END-- [ RunTime:0.000000s ]
INFO: [ app_begin ] --START--
INFO: Run Behavior\ReadHtmlCacheBehavior [ RunTime:0.001000s ]
INFO: [ app_begin ] --END-- [ RunTime:0.001000s ]
SQL: SHOW COLUMNS FROM `pt_orders` [ RunTime:0.0060s ]
SQL: SELECT o.good_id,o.size_id,o.good_count,g.goods_title,g.goods_subtitle FROM pt_orders as o left join pt_goods as g on o.good_id=g.id  WHERE ( o.id=1 ) LIMIT 1   [ RunTime:0.0000s ]
SQL: SELECT s.color,s.size,s.weight FROM pt_orders as o left join pt_goods_size as s on o.good_id=s.good_id  WHERE ( o.id=1 ) LIMIT 1   [ RunTime:0.0010s ]
SQL: SHOW COLUMNS FROM `pt_goods_image` [ RunTime:0.0030s ]
SQL: SELECT `image` FROM `pt_goods_image` WHERE ( stype=1 and good_id=1 ) ORDER BY id asc LIMIT 1   [ RunTime:0.0000s ]
INFO: [ view_parse ] --START--
INFO: [ template_filter ] --START--
INFO: Run Behavior\ContentReplaceBehavior [ RunTime:0.000000s ]
INFO: [ template_filter ] --END-- [ RunTime:0.000000s ]
NOTIC: [8] Use of undefined constant image - assumed 'image' D:\xampp\htdocs\shop\Runtime\Cache\Home\9aa0a646c1353e8deb16673374bd440e.php 第 27 行.
INFO: Run Behavior\ParseTemplateBehavior [ RunTime:0.006000s ]
INFO: [ view_parse ] --END-- [ RunTime:0.007000s ]
INFO: [ view_filter ] --START--
INFO: Run Behavior\WriteHtmlCacheBehavior [ RunTime:0.000000s ]
INFO: [ view_filter ] --END-- [ RunTime:0.000000s ]
INFO: [ app_end ] --START--
INFO: Run Behavior\ShowPageTraceBehavior [ RunTime:0.001000s ]
INFO: [ app_end ] --END-- [ RunTime:0.001000s ]

[ 2018-05-08T17:05:59+08:00 ] 127.0.0.1 /index/upload
INFO: [ app_init ] --START--
INFO: Run Behavior\BuildLiteBehavior [ RunTime:0.000000s ]
INFO: [ app_init ] --END-- [ RunTime:0.001000s ]
INFO: [ app_begin ] --START--
INFO: Run Behavior\ReadHtmlCacheBehavior [ RunTime:0.001000s ]
INFO: [ app_begin ] --END-- [ RunTime:0.001000s ]
NOTIC: [2] call_user_func() expects parameter 1 to be a valid callback, no array or string given D:\xampp\htdocs\shop\ThinkPHP\Library\Think\Upload.class.php 第 170 行.
INFO: [ app_end ] --START--
INFO: Run Behavior\ShowPageTraceBehavior [ RunTime:0.001000s ]
INFO: [ app_end ] --END-- [ RunTime:0.001000s ]

[ 2018-05-08T17:06:03+08:00 ] 127.0.0.1 /index/upload
INFO: [ app_init ] --START--
INFO: Run Behavior\BuildLiteBehavior [ RunTime:0.000000s ]
INFO: [ app_init ] --END-- [ RunTime:0.001000s ]
INFO: [ app_begin ] --START--
INFO: Run Behavior\ReadHtmlCacheBehavior [ RunTime:0.002000s ]
INFO: [ app_begin ] --END-- [ RunTime:0.002000s ]
NOTIC: [2] call_user_func() expects parameter 1 to be a valid callback, no array or string given D:\xampp\htdocs\shop\ThinkPHP\Library\Think\Upload.class.php 第 170 行.
INFO: [ app_end ] --START--
INFO: Run Behavior\ShowPageTraceBehavior [ RunTime:0.002000s ]
INFO: [ app_end ] --END-- [ RunTime:0.002000s ]

[ 2018-05-08T17:06:30+08:00 ] 127.0.0.1 /index/doeval/id/1.html
INFO: [ app_init ] --START--
INFO: Run Behavior\BuildLiteBehavior [ RunTime:0.000000s ]
INFO: [ app_init ] --END-- [ RunTime:0.000000s ]
INFO: [ app_begin ] --START--
INFO: Run Behavior\ReadHtmlCacheBehavior [ RunTime:0.001000s ]
INFO: [ app_begin ] --END-- [ RunTime:0.001000s ]
SQL: SHOW COLUMNS FROM `pt_orders` [ RunTime:0.0030s ]
SQL: SELECT * FROM `pt_orders` WHERE `id` = 1 LIMIT 1   [ RunTime:0.0010s ]
SQL: UPDATE `pt_orders` SET `is_eva`='1' WHERE `id` = 1 [ RunTime:0.0000s ]
SQL: SHOW COLUMNS FROM `pt_member` [ RunTime:0.0020s ]
SQL: SELECT * FROM `pt_member` WHERE `id` = 1 LIMIT 1   [ RunTime:0.0000s ]
SQL: SHOW COLUMNS FROM `pt_evaluate` [ RunTime:0.0020s ]
SQL: INSERT INTO `pt_evaluate` (`username`,`phone`,`goods_id`,`level`,`text`,`create_at`,`update_at`,`statue`,`img1`,`img2`) VALUES ('暴志坚','18519507610','1','3','rtyrtyrty','2018-05-08 17:06:30','2018-05-08 17:06:30','1','./Uploads/Evaluate/5af1687b9864c.jpg','') [ RunTime:0.1410s ]
INFO: [ app_end ] --START--
INFO: Run Behavior\ShowPageTraceBehavior [ RunTime:0.001000s ]
INFO: [ app_end ] --END-- [ RunTime:0.001000s ]

